2026-03-17 14:08:35,757 - __main__ - INFO - 初始化管理器，协议类型：Modbus
2026-03-17 14:08:35,757 - __main__ - INFO - 开始读取 Modbus 端口...
2026-03-17 14:08:35,761 - __main__ - WARNING - 未检测到 Modbus 端口
2026-03-17 14:08:35,762 - __main__ - INFO - 初始化管理器，协议类型：PEAK CAN
2026-03-17 14:08:35,762 - __main__ - INFO - 开始读取 PEAK CAN 端口...
2026-03-17 14:08:35,763 - can.kvaser - WARNING - Kvaser canlib is unavailable.
2026-03-17 14:08:35,769 - can.interfaces.socketcan.socketcan - ERROR - socket.CMSG_SPACE not available on this platform
2026-03-17 14:08:35,773 - can.pcan - WARNING - uptime library not available, timestamps are relative to boot time and not to Epoch UTC
2026-03-17 14:08:35,789 - can.ixxat - WARNING - Cannot load IXXAT vcinpl library: Could not find module 'vcinpl.dll' (or one of its dependencies). Try using the full path with constructor syntax.
2026-03-17 14:08:35,790 - can.ixxat - WARNING - Cannot load IXXAT vcinpl library: Could not find module 'vcinpl2.dll' (or one of its dependencies). Try using the full path with constructor syntax.
2026-03-17 14:08:35,790 - can.interfaces.nican - ERROR - Failed to load NI-CAN driver: Could not find module 'nican' (or one of its dependencies). Try using the full path with constructor syntax.
2026-03-17 14:08:35,791 - can.interfaces.iscan - WARNING - Failed to load IS-CAN driver: Could not find module 'iscandrv' (or one of its dependencies). Try using the full path with constructor syntax.
2026-03-17 14:08:35,858 - can.interfaces.vector.canlib - WARNING - Could not import vxlapi: Vector XL library not found: vxlapi64
2026-03-17 14:08:35,862 - can.systec - WARNING - Cannot load SYSTEC ucan library: Could not find module 'usbcan64.dll' (or one of its dependencies). Try using the full path with constructor syntax..
2026-03-17 14:08:35,924 - can.interfaces.cantact - WARNING - The CANtact module is not installed. Install it using `pip install cantact`
2026-03-17 14:08:35,943 - can.interfaces.neousys.neousys - INFO - Cannot load Neousys CAN bus dll or shared object: Could not find module 'C:\Users\wangr\Desktop\AutotestPlatform\rohand\WDT_DIO.dll' (or one of its dependencies). Try using the full path with constructor syntax.
2026-03-17 14:08:35,965 - can.interfaces.vector.canlib - INFO - Found 0 channels
2026-03-17 14:08:35,966 - can.systec - WARNING - The SYSTEC ucan library has not been initialized.
2026-03-17 14:08:35,966 - can.interfaces.socketcand.socketcand - INFO - Listening on for socketcand UDP advertisement on :42000
2026-03-17 14:08:39,969 - __main__ - INFO - 检测到 1 个 PEAK CAN 端口：['PCAN_USBBUS1']
2026-03-17 14:08:39,970 - __main__ - INFO - 成功加载配置文件：config.ini
2026-03-17 14:09:18,719 - rohand.rohand_manager - INFO - 初始化管理器，协议类型：PEAK CAN
2026-03-17 14:09:18,719 - rohand.rohand_manager - INFO - 开始读取 PEAK CAN 端口...
2026-03-17 14:09:18,721 - can.kvaser - WARNING - Kvaser canlib is unavailable.
2026-03-17 14:09:18,726 - can.interfaces.socketcan.socketcan - ERROR - socket.CMSG_SPACE not available on this platform
2026-03-17 14:09:18,730 - can.pcan - WARNING - uptime library not available, timestamps are relative to boot time and not to Epoch UTC
2026-03-17 14:09:18,745 - can.ixxat - WARNING - Cannot load IXXAT vcinpl library: Could not find module 'vcinpl.dll' (or one of its dependencies). Try using the full path with constructor syntax.
2026-03-17 14:09:18,745 - can.ixxat - WARNING - Cannot load IXXAT vcinpl library: Could not find module 'vcinpl2.dll' (or one of its dependencies). Try using the full path with constructor syntax.
2026-03-17 14:09:18,746 - can.interfaces.nican - ERROR - Failed to load NI-CAN driver: Could not find module 'nican' (or one of its dependencies). Try using the full path with constructor syntax.
2026-03-17 14:09:18,746 - can.interfaces.iscan - WARNING - Failed to load IS-CAN driver: Could not find module 'iscandrv' (or one of its dependencies). Try using the full path with constructor syntax.
2026-03-17 14:09:18,800 - can.interfaces.vector.canlib - WARNING - Could not import vxlapi: Vector XL library not found: vxlapi64
2026-03-17 14:09:18,804 - can.systec - WARNING - Cannot load SYSTEC ucan library: Could not find module 'usbcan64.dll' (or one of its dependencies). Try using the full path with constructor syntax..
2026-03-17 14:09:18,860 - can.interfaces.cantact - WARNING - The CANtact module is not installed. Install it using `pip install cantact`
2026-03-17 14:09:18,877 - can.interfaces.neousys.neousys - INFO - Cannot load Neousys CAN bus dll or shared object: Could not find module 'C:\Users\wangr\Desktop\AutotestPlatform\rohand\WDT_DIO.dll' (or one of its dependencies). Try using the full path with constructor syntax.
2026-03-17 14:09:18,883 - can.interfaces.vector.canlib - INFO - Found 0 channels
2026-03-17 14:09:18,883 - can.systec - WARNING - The SYSTEC ucan library has not been initialized.
2026-03-17 14:09:18,884 - can.interfaces.socketcand.socketcand - INFO - Listening on for socketcand UDP advertisement on :42000
2026-03-17 14:09:22,886 - rohand.rohand_manager - INFO - 检测到 1 个 PEAK CAN 端口：['PCAN_USBBUS1']
2026-03-17 14:09:22,887 - __main__ - INFO - ['PCAN_USBBUS1']
2026-03-17 14:13:01,457 - rohand.rohand_manager - INFO - 初始化管理器，协议类型：PEAK CAN
2026-03-17 14:13:08,109 - rohand.rohand_manager - INFO - 开始读取 PEAK CAN 端口...
2026-03-17 14:13:12,543 - can.kvaser - WARNING - Kvaser canlib is unavailable.
2026-03-17 14:13:12,588 - can.interfaces.socketcan.socketcan - ERROR - socket.CMSG_SPACE not available on this platform
2026-03-17 14:13:12,829 - can.pcan - WARNING - uptime library not available, timestamps are relative to boot time and not to Epoch UTC
2026-03-17 14:13:13,265 - can.ixxat - WARNING - Cannot load IXXAT vcinpl library: Could not find module 'vcinpl.dll' (or one of its dependencies). Try using the full path with constructor syntax.
2026-03-17 14:13:13,287 - can.ixxat - WARNING - Cannot load IXXAT vcinpl library: Could not find module 'vcinpl2.dll' (or one of its dependencies). Try using the full path with constructor syntax.
2026-03-17 14:13:13,300 - can.interfaces.nican - ERROR - Failed to load NI-CAN driver: Could not find module 'nican' (or one of its dependencies). Try using the full path with constructor syntax.
2026-03-17 14:13:13,309 - can.interfaces.iscan - WARNING - Failed to load IS-CAN driver: Could not find module 'iscandrv' (or one of its dependencies). Try using the full path with constructor syntax.
2026-03-17 14:13:16,436 - can.interfaces.vector.canlib - WARNING - Could not import vxlapi: Vector XL library not found: vxlapi64
2026-03-17 14:13:16,602 - can.systec - WARNING - Cannot load SYSTEC ucan library: Could not find module 'usbcan64.dll' (or one of its dependencies). Try using the full path with constructor syntax..
2026-03-17 14:13:17,019 - can.interfaces.cantact - WARNING - The CANtact module is not installed. Install it using `pip install cantact`
2026-03-17 14:13:18,395 - can.interfaces.neousys.neousys - INFO - Cannot load Neousys CAN bus dll or shared object: Could not find module 'C:\Users\wangr\Desktop\AutotestPlatform\rohand\WDT_DIO.dll' (or one of its dependencies). Try using the full path with constructor syntax.
2026-03-17 14:13:18,462 - can.interfaces.vector.canlib - INFO - Found 0 channels
2026-03-17 14:13:18,465 - can.systec - WARNING - The SYSTEC ucan library has not been initialized.
2026-03-17 14:13:18,478 - can.interfaces.socketcand.socketcand - INFO - Listening on for socketcand UDP advertisement on :42000
2026-03-17 14:13:51,369 - rohand.rohand_manager - INFO - 检测到 1 个 PEAK CAN 端口：['PCAN_USBBUS1']
2026-03-17 14:13:55,062 - __main__ - INFO - ['PCAN_USBBUS1']
2026-03-17 14:14:52,334 - rohand.rohand_manager - INFO - 初始化管理器，协议类型：PEAK CAN
2026-03-17 14:14:52,335 - rohand.rohand_manager - INFO - 开始读取 PEAK CAN 端口...
2026-03-17 14:14:52,337 - can.kvaser - WARNING - Kvaser canlib is unavailable.
2026-03-17 14:14:52,342 - can.interfaces.socketcan.socketcan - ERROR - socket.CMSG_SPACE not available on this platform
2026-03-17 14:14:52,346 - can.pcan - WARNING - uptime library not available, timestamps are relative to boot time and not to Epoch UTC
2026-03-17 14:14:52,360 - can.ixxat - WARNING - Cannot load IXXAT vcinpl library: Could not find module 'vcinpl.dll' (or one of its dependencies). Try using the full path with constructor syntax.
2026-03-17 14:14:52,361 - can.ixxat - WARNING - Cannot load IXXAT vcinpl library: Could not find module 'vcinpl2.dll' (or one of its dependencies). Try using the full path with constructor syntax.
2026-03-17 14:14:52,361 - can.interfaces.nican - ERROR - Failed to load NI-CAN driver: Could not find module 'nican' (or one of its dependencies). Try using the full path with constructor syntax.
2026-03-17 14:14:52,362 - can.interfaces.iscan - WARNING - Failed to load IS-CAN driver: Could not find module 'iscandrv' (or one of its dependencies). Try using the full path with constructor syntax.
2026-03-17 14:14:52,411 - can.interfaces.vector.canlib - WARNING - Could not import vxlapi: Vector XL library not found: vxlapi64
2026-03-17 14:14:52,415 - can.systec - WARNING - Cannot load SYSTEC ucan library: Could not find module 'usbcan64.dll' (or one of its dependencies). Try using the full path with constructor syntax..
2026-03-17 14:14:52,469 - can.interfaces.cantact - WARNING - The CANtact module is not installed. Install it using `pip install cantact`
2026-03-17 14:14:52,487 - can.interfaces.neousys.neousys - INFO - Cannot load Neousys CAN bus dll or shared object: Could not find module 'C:\Users\wangr\Desktop\AutotestPlatform\rohand\WDT_DIO.dll' (or one of its dependencies). Try using the full path with constructor syntax.
2026-03-17 14:14:52,491 - can.interfaces.vector.canlib - INFO - Found 0 channels
2026-03-17 14:14:52,492 - can.systec - WARNING - The SYSTEC ucan library has not been initialized.
2026-03-17 14:14:52,492 - can.interfaces.socketcand.socketcand - INFO - Listening on for socketcand UDP advertisement on :42000
2026-03-17 14:14:56,494 - rohand.rohand_manager - INFO - 检测到 1 个 PEAK CAN 端口：['PCAN_USBBUS1']
2026-03-17 14:14:56,495 - __main__ - INFO - ['PCAN_USBBUS1']
2026-03-17 14:15:22,646 - rohand.rohand_manager - INFO - 初始化管理器，协议类型：PEAK CAN
2026-03-17 14:15:22,647 - rohand.rohand_manager - INFO - 开始读取 PEAK CAN 端口...
2026-03-17 14:15:22,650 - can.kvaser - WARNING - Kvaser canlib is unavailable.
2026-03-17 14:15:22,656 - can.interfaces.socketcan.socketcan - ERROR - socket.CMSG_SPACE not available on this platform
2026-03-17 14:15:22,659 - can.pcan - WARNING - uptime library not available, timestamps are relative to boot time and not to Epoch UTC
2026-03-17 14:15:22,672 - can.ixxat - WARNING - Cannot load IXXAT vcinpl library: Could not find module 'vcinpl.dll' (or one of its dependencies). Try using the full path with constructor syntax.
2026-03-17 14:15:22,673 - can.ixxat - WARNING - Cannot load IXXAT vcinpl library: Could not find module 'vcinpl2.dll' (or one of its dependencies). Try using the full path with constructor syntax.
2026-03-17 14:15:22,673 - can.interfaces.nican - ERROR - Failed to load NI-CAN driver: Could not find module 'nican' (or one of its dependencies). Try using the full path with constructor syntax.
2026-03-17 14:15:22,674 - can.interfaces.iscan - WARNING - Failed to load IS-CAN driver: Could not find module 'iscandrv' (or one of its dependencies). Try using the full path with constructor syntax.
2026-03-17 14:15:22,725 - can.interfaces.vector.canlib - WARNING - Could not import vxlapi: Vector XL library not found: vxlapi64
2026-03-17 14:15:22,729 - can.systec - WARNING - Cannot load SYSTEC ucan library: Could not find module 'usbcan64.dll' (or one of its dependencies). Try using the full path with constructor syntax..
2026-03-17 14:15:22,784 - can.interfaces.cantact - WARNING - The CANtact module is not installed. Install it using `pip install cantact`
2026-03-17 14:15:22,801 - can.interfaces.neousys.neousys - INFO - Cannot load Neousys CAN bus dll or shared object: Could not find module 'C:\Users\wangr\Desktop\AutotestPlatform\rohand\WDT_DIO.dll' (or one of its dependencies). Try using the full path with constructor syntax.
2026-03-17 14:15:22,805 - can.interfaces.vector.canlib - INFO - Found 0 channels
2026-03-17 14:15:22,805 - can.systec - WARNING - The SYSTEC ucan library has not been initialized.
2026-03-17 14:15:22,807 - can.interfaces.socketcand.socketcand - INFO - Listening on for socketcand UDP advertisement on :42000
2026-03-17 14:15:26,809 - rohand.rohand_manager - INFO - 检测到 1 个 PEAK CAN 端口：['PCAN_USBBUS1']
2026-03-17 14:15:26,809 - __main__ - INFO - ['PCAN_USBBUS1']
2026-03-17 14:15:43,807 - rohand.rohand_manager - INFO - 初始化管理器，协议类型：PEAK CAN
2026-03-17 14:15:43,807 - rohand.rohand_manager - INFO - 开始读取 PEAK CAN 端口...
2026-03-17 14:15:43,809 - can.kvaser - WARNING - Kvaser canlib is unavailable.
2026-03-17 14:15:43,814 - can.interfaces.socketcan.socketcan - ERROR - socket.CMSG_SPACE not available on this platform
2026-03-17 14:15:43,817 - can.pcan - WARNING - uptime library not available, timestamps are relative to boot time and not to Epoch UTC
2026-03-17 14:15:43,831 - can.ixxat - WARNING - Cannot load IXXAT vcinpl library: Could not find module 'vcinpl.dll' (or one of its dependencies). Try using the full path with constructor syntax.
2026-03-17 14:15:43,831 - can.ixxat - WARNING - Cannot load IXXAT vcinpl library: Could not find module 'vcinpl2.dll' (or one of its dependencies). Try using the full path with constructor syntax.
2026-03-17 14:15:43,832 - can.interfaces.nican - ERROR - Failed to load NI-CAN driver: Could not find module 'nican' (or one of its dependencies). Try using the full path with constructor syntax.
2026-03-17 14:15:43,832 - can.interfaces.iscan - WARNING - Failed to load IS-CAN driver: Could not find module 'iscandrv' (or one of its dependencies). Try using the full path with constructor syntax.
2026-03-17 14:15:43,882 - can.interfaces.vector.canlib - WARNING - Could not import vxlapi: Vector XL library not found: vxlapi64
2026-03-17 14:15:43,886 - can.systec - WARNING - Cannot load SYSTEC ucan library: Could not find module 'usbcan64.dll' (or one of its dependencies). Try using the full path with constructor syntax..
2026-03-17 14:15:43,943 - can.interfaces.cantact - WARNING - The CANtact module is not installed. Install it using `pip install cantact`
2026-03-17 14:15:43,962 - can.interfaces.neousys.neousys - INFO - Cannot load Neousys CAN bus dll or shared object: Could not find module 'C:\Users\wangr\Desktop\AutotestPlatform\rohand\WDT_DIO.dll' (or one of its dependencies). Try using the full path with constructor syntax.
2026-03-17 14:15:43,967 - can.interfaces.vector.canlib - INFO - Found 0 channels
2026-03-17 14:15:43,967 - can.systec - WARNING - The SYSTEC ucan library has not been initialized.
2026-03-17 14:15:43,968 - can.interfaces.socketcand.socketcand - INFO - Listening on for socketcand UDP advertisement on :42000
2026-03-17 14:15:47,970 - rohand.rohand_manager - INFO - 检测到 1 个 PEAK CAN 端口：['PCAN_USBBUS1']
2026-03-17 14:15:47,971 - __main__ - INFO - ['PCAN_USBBUS1']
2026-03-17 14:18:04,422 - rohand.rohand_manager - INFO - 初始化管理器，协议类型：PEAK CAN
2026-03-17 14:18:04,423 - rohand.rohand_manager - INFO - 开始读取 PEAK CAN 端口...
2026-03-17 14:18:04,426 - can.kvaser - WARNING - Kvaser canlib is unavailable.
2026-03-17 14:18:04,431 - can.interfaces.socketcan.socketcan - ERROR - socket.CMSG_SPACE not available on this platform
2026-03-17 14:18:04,435 - can.pcan - WARNING - uptime library not available, timestamps are relative to boot time and not to Epoch UTC
2026-03-17 14:18:04,448 - can.ixxat - WARNING - Cannot load IXXAT vcinpl library: Could not find module 'vcinpl.dll' (or one of its dependencies). Try using the full path with constructor syntax.
2026-03-17 14:18:04,449 - can.ixxat - WARNING - Cannot load IXXAT vcinpl library: Could not find module 'vcinpl2.dll' (or one of its dependencies). Try using the full path with constructor syntax.
2026-03-17 14:18:04,450 - can.interfaces.nican - ERROR - Failed to load NI-CAN driver: Could not find module 'nican' (or one of its dependencies). Try using the full path with constructor syntax.
2026-03-17 14:18:04,450 - can.interfaces.iscan - WARNING - Failed to load IS-CAN driver: Could not find module 'iscandrv' (or one of its dependencies). Try using the full path with constructor syntax.
2026-03-17 14:18:04,500 - can.interfaces.vector.canlib - WARNING - Could not import vxlapi: Vector XL library not found: vxlapi64
2026-03-17 14:18:04,504 - can.systec - WARNING - Cannot load SYSTEC ucan library: Could not find module 'usbcan64.dll' (or one of its dependencies). Try using the full path with constructor syntax..
2026-03-17 14:18:04,561 - can.interfaces.cantact - WARNING - The CANtact module is not installed. Install it using `pip install cantact`
2026-03-17 14:18:04,579 - can.interfaces.neousys.neousys - INFO - Cannot load Neousys CAN bus dll or shared object: Could not find module 'C:\Users\wangr\Desktop\AutotestPlatform\rohand\WDT_DIO.dll' (or one of its dependencies). Try using the full path with constructor syntax.
2026-03-17 14:18:04,584 - can.interfaces.vector.canlib - INFO - Found 0 channels
2026-03-17 14:18:04,584 - can.systec - WARNING - The SYSTEC ucan library has not been initialized.
2026-03-17 14:18:04,585 - can.interfaces.socketcand.socketcand - INFO - Listening on for socketcand UDP advertisement on :42000
2026-03-17 14:18:08,587 - rohand.rohand_manager - INFO - 检测到 1 个 PEAK CAN 端口：['PCAN_USBBUS1']
2026-03-17 14:18:08,587 - __main__ - INFO - ['PCAN_USBBUS1']
2026-03-17 14:18:36,315 - rohand.rohand_manager - INFO - 初始化管理器，协议类型：PEAK CAN
2026-03-17 14:18:36,315 - rohand.rohand_manager - INFO - 开始读取 PEAK CAN 端口...
2026-03-17 14:18:36,317 - can.kvaser - WARNING - Kvaser canlib is unavailable.
2026-03-17 14:18:36,321 - can.interfaces.socketcan.socketcan - ERROR - socket.CMSG_SPACE not available on this platform
2026-03-17 14:18:36,325 - can.pcan - WARNING - uptime library not available, timestamps are relative to boot time and not to Epoch UTC
2026-03-17 14:18:36,338 - can.ixxat - WARNING - Cannot load IXXAT vcinpl library: Could not find module 'vcinpl.dll' (or one of its dependencies). Try using the full path with constructor syntax.
2026-03-17 14:18:36,339 - can.ixxat - WARNING - Cannot load IXXAT vcinpl library: Could not find module 'vcinpl2.dll' (or one of its dependencies). Try using the full path with constructor syntax.
2026-03-17 14:18:36,340 - can.interfaces.nican - ERROR - Failed to load NI-CAN driver: Could not find module 'nican' (or one of its dependencies). Try using the full path with constructor syntax.
2026-03-17 14:18:36,340 - can.interfaces.iscan - WARNING - Failed to load IS-CAN driver: Could not find module 'iscandrv' (or one of its dependencies). Try using the full path with constructor syntax.
2026-03-17 14:18:36,393 - can.interfaces.vector.canlib - WARNING - Could not import vxlapi: Vector XL library not found: vxlapi64
2026-03-17 14:18:36,397 - can.systec - WARNING - Cannot load SYSTEC ucan library: Could not find module 'usbcan64.dll' (or one of its dependencies). Try using the full path with constructor syntax..
2026-03-17 14:18:36,454 - can.interfaces.cantact - WARNING - The CANtact module is not installed. Install it using `pip install cantact`
2026-03-17 14:18:36,472 - can.interfaces.neousys.neousys - INFO - Cannot load Neousys CAN bus dll or shared object: Could not find module 'C:\Users\wangr\Desktop\AutotestPlatform\rohand\WDT_DIO.dll' (or one of its dependencies). Try using the full path with constructor syntax.
2026-03-17 14:18:36,477 - can.interfaces.vector.canlib - INFO - Found 0 channels
2026-03-17 14:18:36,477 - can.systec - WARNING - The SYSTEC ucan library has not been initialized.
2026-03-17 14:18:36,478 - can.interfaces.socketcand.socketcand - INFO - Listening on for socketcand UDP advertisement on :42000
2026-03-17 14:18:40,479 - rohand.rohand_manager - INFO - 检测到 1 个 PEAK CAN 端口：['PCAN_USBBUS1']
2026-03-17 14:18:40,480 - __main__ - INFO - ['PCAN_USBBUS1']
2026-03-17 14:22:39,799 - rohand.rohand_manager - INFO - 初始化管理器，协议类型：PEAK CAN
2026-03-17 14:22:39,800 - rohand.rohand_manager - INFO - 开始读取 PEAK CAN 端口...
2026-03-17 14:22:39,803 - can.kvaser - WARNING - Kvaser canlib is unavailable.
2026-03-17 14:22:39,809 - can.interfaces.socketcan.socketcan - ERROR - socket.CMSG_SPACE not available on this platform
2026-03-17 14:22:39,813 - can.pcan - WARNING - uptime library not available, timestamps are relative to boot time and not to Epoch UTC
2026-03-17 14:22:39,825 - can.ixxat - WARNING - Cannot load IXXAT vcinpl library: Could not find module 'vcinpl.dll' (or one of its dependencies). Try using the full path with constructor syntax.
2026-03-17 14:22:39,826 - can.ixxat - WARNING - Cannot load IXXAT vcinpl library: Could not find module 'vcinpl2.dll' (or one of its dependencies). Try using the full path with constructor syntax.
2026-03-17 14:22:39,827 - can.interfaces.nican - ERROR - Failed to load NI-CAN driver: Could not find module 'nican' (or one of its dependencies). Try using the full path with constructor syntax.
2026-03-17 14:22:39,827 - can.interfaces.iscan - WARNING - Failed to load IS-CAN driver: Could not find module 'iscandrv' (or one of its dependencies). Try using the full path with constructor syntax.
2026-03-17 14:22:39,876 - can.interfaces.vector.canlib - WARNING - Could not import vxlapi: Vector XL library not found: vxlapi64
2026-03-17 14:22:39,880 - can.systec - WARNING - Cannot load SYSTEC ucan library: Could not find module 'usbcan64.dll' (or one of its dependencies). Try using the full path with constructor syntax..
2026-03-17 14:22:39,934 - can.interfaces.cantact - WARNING - The CANtact module is not installed. Install it using `pip install cantact`
2026-03-17 14:22:39,953 - can.interfaces.neousys.neousys - INFO - Cannot load Neousys CAN bus dll or shared object: Could not find module 'C:\Users\wangr\Desktop\AutotestPlatform\rohand\WDT_DIO.dll' (or one of its dependencies). Try using the full path with constructor syntax.
2026-03-17 14:22:39,958 - can.interfaces.vector.canlib - INFO - Found 0 channels
2026-03-17 14:22:39,958 - can.systec - WARNING - The SYSTEC ucan library has not been initialized.
2026-03-17 14:22:39,959 - can.interfaces.socketcand.socketcand - INFO - Listening on for socketcand UDP advertisement on :42000
2026-03-17 14:22:43,963 - rohand.rohand_manager - INFO - 检测到 1 个 PEAK CAN 端口：['PCAN_USBBUS1']
2026-03-17 14:22:43,963 - __main__ - INFO - 检测到端口：['PCAN_USBBUS1']
2026-03-17 14:23:24,706 - rohand.rohand_manager - INFO - 初始化管理器，协议类型：PEAK CAN
2026-03-17 14:23:24,707 - rohand.rohand_manager - INFO - 开始读取 PEAK CAN 端口...
2026-03-17 14:23:24,710 - can.kvaser - WARNING - Kvaser canlib is unavailable.
2026-03-17 14:23:24,715 - can.interfaces.socketcan.socketcan - ERROR - socket.CMSG_SPACE not available on this platform
2026-03-17 14:23:24,719 - can.pcan - WARNING - uptime library not available, timestamps are relative to boot time and not to Epoch UTC
2026-03-17 14:23:24,732 - can.ixxat - WARNING - Cannot load IXXAT vcinpl library: Could not find module 'vcinpl.dll' (or one of its dependencies). Try using the full path with constructor syntax.
2026-03-17 14:23:24,732 - can.ixxat - WARNING - Cannot load IXXAT vcinpl library: Could not find module 'vcinpl2.dll' (or one of its dependencies). Try using the full path with constructor syntax.
2026-03-17 14:23:24,733 - can.interfaces.nican - ERROR - Failed to load NI-CAN driver: Could not find module 'nican' (or one of its dependencies). Try using the full path with constructor syntax.
2026-03-17 14:23:24,733 - can.interfaces.iscan - WARNING - Failed to load IS-CAN driver: Could not find module 'iscandrv' (or one of its dependencies). Try using the full path with constructor syntax.
2026-03-17 14:23:24,782 - can.interfaces.vector.canlib - WARNING - Could not import vxlapi: Vector XL library not found: vxlapi64
2026-03-17 14:23:24,786 - can.systec - WARNING - Cannot load SYSTEC ucan library: Could not find module 'usbcan64.dll' (or one of its dependencies). Try using the full path with constructor syntax..
2026-03-17 14:23:24,838 - can.interfaces.cantact - WARNING - The CANtact module is not installed. Install it using `pip install cantact`
2026-03-17 14:23:24,855 - can.interfaces.neousys.neousys - INFO - Cannot load Neousys CAN bus dll or shared object: Could not find module 'C:\Users\wangr\Desktop\AutotestPlatform\rohand\WDT_DIO.dll' (or one of its dependencies). Try using the full path with constructor syntax.
2026-03-17 14:23:24,861 - can.interfaces.vector.canlib - INFO - Found 0 channels
2026-03-17 14:23:24,861 - can.systec - WARNING - The SYSTEC ucan library has not been initialized.
2026-03-17 14:23:24,862 - can.interfaces.socketcand.socketcand - INFO - Listening on for socketcand UDP advertisement on :42000
2026-03-17 14:23:28,865 - rohand.rohand_manager - INFO - 检测到 1 个 PEAK CAN 端口：['PCAN_USBBUS1']
2026-03-17 14:23:28,865 - __main__ - INFO - 检测到端口：['PCAN_USBBUS1']
2026-03-17 14:24:04,568 - rohand.rohand_manager - INFO - 初始化管理器，协议类型：PEAK CAN
2026-03-17 14:24:04,569 - rohand.rohand_manager - INFO - 开始读取 PEAK CAN 端口...
2026-03-17 14:24:04,571 - can.kvaser - WARNING - Kvaser canlib is unavailable.
2026-03-17 14:24:04,576 - can.interfaces.socketcan.socketcan - ERROR - socket.CMSG_SPACE not available on this platform
2026-03-17 14:24:04,580 - can.pcan - WARNING - uptime library not available, timestamps are relative to boot time and not to Epoch UTC
2026-03-17 14:24:04,593 - can.ixxat - WARNING - Cannot load IXXAT vcinpl library: Could not find module 'vcinpl.dll' (or one of its dependencies). Try using the full path with constructor syntax.
2026-03-17 14:24:04,593 - can.ixxat - WARNING - Cannot load IXXAT vcinpl library: Could not find module 'vcinpl2.dll' (or one of its dependencies). Try using the full path with constructor syntax.
2026-03-17 14:24:04,594 - can.interfaces.nican - ERROR - Failed to load NI-CAN driver: Could not find module 'nican' (or one of its dependencies). Try using the full path with constructor syntax.
2026-03-17 14:24:04,594 - can.interfaces.iscan - WARNING - Failed to load IS-CAN driver: Could not find module 'iscandrv' (or one of its dependencies). Try using the full path with constructor syntax.
2026-03-17 14:24:04,643 - can.interfaces.vector.canlib - WARNING - Could not import vxlapi: Vector XL library not found: vxlapi64
2026-03-17 14:24:04,647 - can.systec - WARNING - Cannot load SYSTEC ucan library: Could not find module 'usbcan64.dll' (or one of its dependencies). Try using the full path with constructor syntax..
2026-03-17 14:24:04,699 - can.interfaces.cantact - WARNING - The CANtact module is not installed. Install it using `pip install cantact`
2026-03-17 14:24:04,717 - can.interfaces.neousys.neousys - INFO - Cannot load Neousys CAN bus dll or shared object: Could not find module 'C:\Users\wangr\Desktop\AutotestPlatform\rohand\WDT_DIO.dll' (or one of its dependencies). Try using the full path with constructor syntax.
2026-03-17 14:24:04,721 - can.interfaces.vector.canlib - INFO - Found 0 channels
2026-03-17 14:24:04,722 - can.systec - WARNING - The SYSTEC ucan library has not been initialized.
2026-03-17 14:24:04,722 - can.interfaces.socketcand.socketcand - INFO - Listening on for socketcand UDP advertisement on :42000
2026-03-17 14:24:08,724 - rohand.rohand_manager - INFO - 检测到 1 个 PEAK CAN 端口：['PCAN_USBBUS1']
2026-03-17 14:24:08,725 - __main__ - INFO - 检测到端口：['PCAN_USBBUS1']
2026-03-17 14:24:44,951 - rohand.rohand_manager - INFO - 初始化管理器，协议类型：PEAK CAN
2026-03-17 14:24:44,951 - rohand.rohand_manager - INFO - 开始读取 PEAK CAN 端口...
2026-03-17 14:24:44,954 - can.kvaser - WARNING - Kvaser canlib is unavailable.
2026-03-17 14:24:44,959 - can.interfaces.socketcan.socketcan - ERROR - socket.CMSG_SPACE not available on this platform
2026-03-17 14:24:44,963 - can.pcan - WARNING - uptime library not available, timestamps are relative to boot time and not to Epoch UTC
2026-03-17 14:24:44,976 - can.ixxat - WARNING - Cannot load IXXAT vcinpl library: Could not find module 'vcinpl.dll' (or one of its dependencies). Try using the full path with constructor syntax.
2026-03-17 14:24:44,977 - can.ixxat - WARNING - Cannot load IXXAT vcinpl library: Could not find module 'vcinpl2.dll' (or one of its dependencies). Try using the full path with constructor syntax.
2026-03-17 14:24:44,977 - can.interfaces.nican - ERROR - Failed to load NI-CAN driver: Could not find module 'nican' (or one of its dependencies). Try using the full path with constructor syntax.
2026-03-17 14:24:44,977 - can.interfaces.iscan - WARNING - Failed to load IS-CAN driver: Could not find module 'iscandrv' (or one of its dependencies). Try using the full path with constructor syntax.
2026-03-17 14:24:45,028 - can.interfaces.vector.canlib - WARNING - Could not import vxlapi: Vector XL library not found: vxlapi64
2026-03-17 14:24:45,033 - can.systec - WARNING - Cannot load SYSTEC ucan library: Could not find module 'usbcan64.dll' (or one of its dependencies). Try using the full path with constructor syntax..
2026-03-17 14:24:45,090 - can.interfaces.cantact - WARNING - The CANtact module is not installed. Install it using `pip install cantact`
2026-03-17 14:24:45,107 - can.interfaces.neousys.neousys - INFO - Cannot load Neousys CAN bus dll or shared object: Could not find module 'C:\Users\wangr\Desktop\AutotestPlatform\rohand\WDT_DIO.dll' (or one of its dependencies). Try using the full path with constructor syntax.
2026-03-17 14:24:45,112 - can.systec - WARNING - The SYSTEC ucan library has not been initialized.
2026-03-17 14:24:45,112 - can.interfaces.vector.canlib - INFO - Found 0 channels
2026-03-17 14:24:45,112 - can.interfaces.socketcand.socketcand - INFO - Listening on for socketcand UDP advertisement on :42000
2026-03-17 14:24:49,114 - rohand.rohand_manager - INFO - 检测到 1 个 PEAK CAN 端口：['PCAN_USBBUS1']
2026-03-17 14:24:49,114 - __main__ - INFO - 检测到端口：['PCAN_USBBUS1']
2026-03-17 14:27:01,914 - rohand.rohand_manager - INFO - 初始化管理器，协议类型：Modbus
2026-03-17 14:27:01,915 - rohand.rohand_manager - INFO - 开始读取 Modbus 端口...
2026-03-17 14:27:01,924 - rohand.rohand_manager - INFO - 检测到 1 个 Modbus 端口：['COM4']
2026-03-17 14:27:01,924 - __main__ - INFO - 检测到端口：['COM4']
2026-03-17 14:28:01,582 - rohand.rohand_manager - INFO - 初始化管理器，协议类型：Modbus
2026-03-17 14:28:01,582 - rohand.rohand_manager - INFO - 开始读取 Modbus 端口...
2026-03-17 14:28:01,591 - rohand.rohand_manager - INFO - 检测到 1 个 Modbus 端口：['COM4']
2026-03-17 14:28:01,591 - __main__ - INFO - 检测到端口：['COM4']
2026-03-17 14:30:50,153 - rohand.rohand_manager - INFO - 初始化管理器，协议类型：Modbus
2026-03-17 14:30:50,154 - rohand.rohand_manager - INFO - 开始读取 Modbus 端口...
2026-03-17 14:30:50,162 - rohand.rohand_manager - INFO - 检测到 1 个 Modbus 端口：['COM4']
2026-03-17 14:30:50,163 - __main__ - INFO - 检测到端口：['COM4']
2026-03-17 14:33:31,403 - rohand.rohand_manager - INFO - 初始化管理器，协议类型：Modbus
2026-03-17 14:33:31,404 - rohand.rohand_manager - INFO - 开始读取 Modbus 端口...
2026-03-17 14:33:31,412 - rohand.rohand_manager - INFO - 检测到 1 个 Modbus 端口：['COM4']
2026-03-17 14:33:31,412 - __main__ - INFO - 检测到端口：['COM4']
2026-03-17 14:35:40,427 - rohand.rohand_manager - INFO - 初始化管理器，协议类型：Modbus
2026-03-17 14:35:40,427 - rohand.rohand_manager - INFO - 开始读取 Modbus 端口...
2026-03-17 14:35:40,433 - rohand.rohand_manager - INFO - 检测到 1 个 Modbus 端口：['COM4']
2026-03-17 14:35:40,433 - __main__ - INFO - 检测到端口：['COM4']
2026-03-17 14:35:42,802 - rohand.rohand_manager - INFO - 初始化管理器，协议类型：Modbus
2026-03-17 14:35:42,802 - rohand.rohand_manager - INFO - 开始读取 Modbus 端口...
2026-03-17 14:35:42,808 - rohand.rohand_manager - INFO - 检测到 1 个 Modbus 端口：['COM4']
2026-03-17 14:35:42,808 - __main__ - INFO - 检测到端口：['COM4']
2026-03-17 14:35:43,620 - rohand.rohand_manager - INFO - 初始化管理器，协议类型：Modbus
2026-03-17 14:35:43,620 - rohand.rohand_manager - INFO - 开始读取 Modbus 端口...
2026-03-17 14:35:43,628 - rohand.rohand_manager - INFO - 检测到 1 个 Modbus 端口：['COM4']
2026-03-17 14:35:43,628 - __main__ - INFO - 检测到端口：['COM4']
2026-03-17 14:35:44,146 - rohand.rohand_manager - INFO - 初始化管理器，协议类型：Modbus
2026-03-17 14:35:44,146 - rohand.rohand_manager - INFO - 开始读取 Modbus 端口...
2026-03-17 14:35:44,154 - rohand.rohand_manager - INFO - 检测到 1 个 Modbus 端口：['COM4']
2026-03-17 14:35:44,154 - __main__ - INFO - 检测到端口：['COM4']
2026-03-17 14:35:45,512 - rohand.rohand_manager - INFO - 初始化管理器，协议类型：Modbus
2026-03-17 14:35:45,512 - rohand.rohand_manager - INFO - 开始读取 Modbus 端口...
2026-03-17 14:35:45,518 - rohand.rohand_manager - INFO - 检测到 1 个 Modbus 端口：['COM4']
2026-03-17 14:35:45,518 - __main__ - INFO - 检测到端口：['COM4']
2026-03-17 14:35:45,706 - rohand.rohand_manager - INFO - 初始化管理器，协议类型：Modbus
2026-03-17 14:35:45,706 - rohand.rohand_manager - INFO - 开始读取 Modbus 端口...
2026-03-17 14:35:45,711 - rohand.rohand_manager - INFO - 检测到 1 个 Modbus 端口：['COM4']
2026-03-17 14:35:45,711 - __main__ - INFO - 检测到端口：['COM4']
2026-03-17 14:35:45,895 - rohand.rohand_manager - INFO - 初始化管理器，协议类型：Modbus
2026-03-17 14:35:45,895 - rohand.rohand_manager - INFO - 开始读取 Modbus 端口...
2026-03-17 14:35:45,899 - rohand.rohand_manager - INFO - 检测到 1 个 Modbus 端口：['COM4']
2026-03-17 14:35:45,899 - __main__ - INFO - 检测到端口：['COM4']
2026-03-17 14:35:46,051 - rohand.rohand_manager - INFO - 初始化管理器，协议类型：Modbus
2026-03-17 14:35:46,051 - rohand.rohand_manager - INFO - 开始读取 Modbus 端口...
2026-03-17 14:35:46,057 - rohand.rohand_manager - INFO - 检测到 1 个 Modbus 端口：['COM4']
2026-03-17 14:35:46,057 - __main__ - INFO - 检测到端口：['COM4']
2026-03-17 14:35:46,251 - rohand.rohand_manager - INFO - 初始化管理器，协议类型：Modbus
2026-03-17 14:35:46,251 - rohand.rohand_manager - INFO - 开始读取 Modbus 端口...
2026-03-17 14:35:46,257 - rohand.rohand_manager - INFO - 检测到 1 个 Modbus 端口：['COM4']
2026-03-17 14:35:46,257 - __main__ - INFO - 检测到端口：['COM4']
2026-03-17 14:35:46,528 - rohand.rohand_manager - INFO - 初始化管理器，协议类型：Modbus
2026-03-17 14:35:46,528 - rohand.rohand_manager - INFO - 开始读取 Modbus 端口...
2026-03-17 14:35:46,533 - rohand.rohand_manager - INFO - 检测到 1 个 Modbus 端口：['COM4']
2026-03-17 14:35:46,534 - __main__ - INFO - 检测到端口：['COM4']
2026-03-17 14:38:35,578 - rohand.rohand_manager - INFO - 初始化管理器，协议类型：Modbus
2026-03-17 14:38:35,578 - rohand.rohand_manager - INFO - 开始读取 Modbus 端口...
2026-03-17 14:38:35,585 - rohand.rohand_manager - INFO - 检测到 1 个 Modbus 端口：['COM4']
2026-03-17 14:38:35,586 - __main__ - INFO - 检测到端口：['COM4']
2026-03-17 14:38:39,115 - rohand.rohand_manager - INFO - 初始化管理器，协议类型：Modbus
2026-03-17 14:38:39,115 - rohand.rohand_manager - INFO - 开始读取 Modbus 端口...
2026-03-17 14:38:39,120 - rohand.rohand_manager - INFO - 检测到 1 个 Modbus 端口：['COM4']
2026-03-17 14:38:39,120 - __main__ - INFO - 检测到端口：['COM4']
2026-03-17 14:38:41,243 - rohand.rohand_manager - INFO - 初始化管理器，协议类型：Modbus
2026-03-17 14:38:41,243 - rohand.rohand_manager - INFO - 开始读取 Modbus 端口...
2026-03-17 14:38:41,249 - rohand.rohand_manager - INFO - 检测到 1 个 Modbus 端口：['COM4']
2026-03-17 14:38:41,249 - __main__ - INFO - 检测到端口：['COM4']
2026-03-17 14:41:00,334 - rohand.rohand_manager - INFO - 初始化管理器，协议类型：Modbus
2026-03-17 14:41:00,334 - rohand.rohand_manager - INFO - 开始读取 Modbus 端口...
2026-03-17 14:41:00,343 - rohand.rohand_manager - INFO - 检测到 1 个 Modbus 端口：['COM4']
2026-03-17 14:41:00,343 - __main__ - INFO - 检测到端口：['COM4']
2026-03-17 14:42:55,965 - rohand.rohand_manager - INFO - 初始化管理器，协议类型：Modbus
2026-03-17 14:42:55,966 - rohand.rohand_manager - INFO - 开始读取 Modbus 端口...
2026-03-17 14:42:55,976 - rohand.rohand_manager - INFO - 检测到 1 个 Modbus 端口：['COM4']
2026-03-17 14:42:55,976 - __main__ - INFO - 检测到端口：['COM4']
2026-03-17 14:44:01,133 - rohand.rohand_manager - INFO - 初始化管理器，协议类型：Modbus
2026-03-17 14:44:01,133 - rohand.rohand_manager - INFO - 开始读取 Modbus 端口...
2026-03-17 14:44:01,144 - rohand.rohand_manager - INFO - 检测到 1 个 Modbus 端口：['COM4']
2026-03-17 14:44:01,144 - __main__ - INFO - 检测到端口：['COM4']
2026-03-17 14:44:49,433 - rohand.rohand_manager - INFO - 初始化管理器，协议类型：Modbus
2026-03-17 14:44:49,433 - rohand.rohand_manager - INFO - 开始读取 Modbus 端口...
2026-03-17 14:44:49,442 - rohand.rohand_manager - INFO - 检测到 1 个 Modbus 端口：['COM4']
2026-03-17 14:44:49,442 - __main__ - INFO - 检测到端口：['COM4']
2026-03-17 14:45:45,442 - rohand.rohand_manager - INFO - 初始化管理器，协议类型：Modbus
2026-03-17 14:45:45,443 - rohand.rohand_manager - INFO - 开始读取 Modbus 端口...
2026-03-17 14:45:45,449 - rohand.rohand_manager - INFO - 检测到 1 个 Modbus 端口：['COM4']
2026-03-17 14:45:45,449 - __main__ - INFO - 检测到端口：['COM4']
2026-03-17 14:47:46,478 - rohand.rohand_manager - INFO - 初始化管理器，协议类型：Modbus
2026-03-17 14:47:46,478 - rohand.rohand_manager - INFO - 开始读取 Modbus 端口...
2026-03-17 14:47:46,488 - rohand.rohand_manager - INFO - 检测到 1 个 Modbus 端口：['COM4']
2026-03-17 14:47:46,488 - __main__ - INFO - 检测到端口：['COM4']
2026-03-17 14:51:05,084 - rohand.rohand_manager - INFO - 初始化管理器，协议类型：Modbus
2026-03-17 14:51:05,084 - rohand.rohand_manager - INFO - 开始读取 Modbus 端口...
2026-03-17 14:51:05,089 - rohand.rohand_manager - WARNING - 未检测到 Modbus 端口
2026-03-17 14:51:05,090 - __main__ - INFO - 检测到端口：['无可用端口']
2026-03-17 14:51:22,925 - rohand.rohand_manager - INFO - 初始化管理器，协议类型：PEAK CAN
2026-03-17 14:51:22,926 - rohand.rohand_manager - INFO - 开始读取 PEAK CAN 端口...
2026-03-17 14:51:22,931 - can.kvaser - WARNING - Kvaser canlib is unavailable.
2026-03-17 14:51:22,938 - can.interfaces.socketcan.socketcan - ERROR - socket.CMSG_SPACE not available on this platform
2026-03-17 14:51:22,944 - can.pcan - WARNING - uptime library not available, timestamps are relative to boot time and not to Epoch UTC
2026-03-17 14:51:22,973 - can.ixxat - WARNING - Cannot load IXXAT vcinpl library: Could not find module 'vcinpl.dll' (or one of its dependencies). Try using the full path with constructor syntax.
2026-03-17 14:51:22,974 - can.ixxat - WARNING - Cannot load IXXAT vcinpl library: Could not find module 'vcinpl2.dll' (or one of its dependencies). Try using the full path with constructor syntax.
2026-03-17 14:51:22,975 - can.interfaces.nican - ERROR - Failed to load NI-CAN driver: Could not find module 'nican' (or one of its dependencies). Try using the full path with constructor syntax.
2026-03-17 14:51:22,976 - can.interfaces.iscan - WARNING - Failed to load IS-CAN driver: Could not find module 'iscandrv' (or one of its dependencies). Try using the full path with constructor syntax.
2026-03-17 14:51:23,090 - can.interfaces.vector.canlib - WARNING - Could not import vxlapi: Vector XL library not found: vxlapi64
2026-03-17 14:51:23,097 - can.systec - WARNING - Cannot load SYSTEC ucan library: Could not find module 'usbcan64.dll' (or one of its dependencies). Try using the full path with constructor syntax..
2026-03-17 14:51:23,161 - can.interfaces.cantact - WARNING - The CANtact module is not installed. Install it using `pip install cantact`
2026-03-17 14:51:23,197 - can.interfaces.neousys.neousys - INFO - Cannot load Neousys CAN bus dll or shared object: Could not find module 'C:\Users\wangr\Desktop\AutotestPlatform\rohand\WDT_DIO.dll' (or one of its dependencies). Try using the full path with constructor syntax.
2026-03-17 14:51:23,210 - can.systec - WARNING - The SYSTEC ucan library has not been initialized.
2026-03-17 14:51:23,211 - can.interfaces.vector.canlib - INFO - Found 0 channels
2026-03-17 14:51:23,212 - can.interfaces.socketcand.socketcand - INFO - Listening on for socketcand UDP advertisement on :42000
2026-03-17 14:51:27,215 - rohand.rohand_manager - INFO - 检测到 1 个 PEAK CAN 端口：['PCAN_USBBUS1']
2026-03-17 14:51:27,216 - __main__ - INFO - 检测到端口：['PCAN_USBBUS1']
2026-03-17 14:52:52,583 - rohand.rohand_manager - INFO - 初始化管理器，协议类型：PEAK CAN
2026-03-17 14:52:52,583 - rohand.rohand_manager - INFO - 开始读取 PEAK CAN 端口...
2026-03-17 14:52:52,586 - can.kvaser - WARNING - Kvaser canlib is unavailable.
2026-03-17 14:52:52,591 - can.interfaces.socketcan.socketcan - ERROR - socket.CMSG_SPACE not available on this platform
2026-03-17 14:52:52,595 - can.pcan - WARNING - uptime library not available, timestamps are relative to boot time and not to Epoch UTC
2026-03-17 14:52:52,610 - can.ixxat - WARNING - Cannot load IXXAT vcinpl library: Could not find module 'vcinpl.dll' (or one of its dependencies). Try using the full path with constructor syntax.
2026-03-17 14:52:52,611 - can.ixxat - WARNING - Cannot load IXXAT vcinpl library: Could not find module 'vcinpl2.dll' (or one of its dependencies). Try using the full path with constructor syntax.
2026-03-17 14:52:52,611 - can.interfaces.nican - ERROR - Failed to load NI-CAN driver: Could not find module 'nican' (or one of its dependencies). Try using the full path with constructor syntax.
2026-03-17 14:52:52,612 - can.interfaces.iscan - WARNING - Failed to load IS-CAN driver: Could not find module 'iscandrv' (or one of its dependencies). Try using the full path with constructor syntax.
2026-03-17 14:52:52,663 - can.interfaces.vector.canlib - WARNING - Could not import vxlapi: Vector XL library not found: vxlapi64
2026-03-17 14:52:52,667 - can.systec - WARNING - Cannot load SYSTEC ucan library: Could not find module 'usbcan64.dll' (or one of its dependencies). Try using the full path with constructor syntax..
2026-03-17 14:52:52,723 - can.interfaces.cantact - WARNING - The CANtact module is not installed. Install it using `pip install cantact`
2026-03-17 14:52:52,741 - can.interfaces.neousys.neousys - INFO - Cannot load Neousys CAN bus dll or shared object: Could not find module 'C:\Users\wangr\Desktop\AutotestPlatform\rohand\WDT_DIO.dll' (or one of its dependencies). Try using the full path with constructor syntax.
2026-03-17 14:52:52,747 - can.systec - WARNING - The SYSTEC ucan library has not been initialized.
2026-03-17 14:52:52,747 - can.interfaces.vector.canlib - INFO - Found 0 channels
2026-03-17 14:52:52,748 - can.interfaces.socketcand.socketcand - INFO - Listening on for socketcand UDP advertisement on :42000
2026-03-17 14:52:56,751 - rohand.rohand_manager - INFO - 检测到 1 个 PEAK CAN 端口：['PCAN_USBBUS1']
2026-03-17 14:52:56,751 - __main__ - INFO - 检测到端口：['PCAN_USBBUS1']
2026-03-17 15:12:09,562 - rohand.rohand_manager - INFO - 初始化管理器，协议类型：PEAK CAN
2026-03-17 15:12:09,563 - rohand.rohand_manager - INFO - 开始读取 PEAK CAN 端口...
2026-03-17 15:12:09,565 - can.kvaser - WARNING - Kvaser canlib is unavailable.
2026-03-17 15:12:09,570 - can.interfaces.socketcan.socketcan - ERROR - socket.CMSG_SPACE not available on this platform
2026-03-17 15:12:09,574 - can.pcan - WARNING - uptime library not available, timestamps are relative to boot time and not to Epoch UTC
2026-03-17 15:12:09,588 - can.ixxat - WARNING - Cannot load IXXAT vcinpl library: Could not find module 'vcinpl.dll' (or one of its dependencies). Try using the full path with constructor syntax.
2026-03-17 15:12:09,589 - can.ixxat - WARNING - Cannot load IXXAT vcinpl library: Could not find module 'vcinpl2.dll' (or one of its dependencies). Try using the full path with constructor syntax.
2026-03-17 15:12:09,590 - can.interfaces.nican - ERROR - Failed to load NI-CAN driver: Could not find module 'nican' (or one of its dependencies). Try using the full path with constructor syntax.
2026-03-17 15:12:09,590 - can.interfaces.iscan - WARNING - Failed to load IS-CAN driver: Could not find module 'iscandrv' (or one of its dependencies). Try using the full path with constructor syntax.
2026-03-17 15:12:09,648 - can.interfaces.vector.canlib - WARNING - Could not import vxlapi: Vector XL library not found: vxlapi64
2026-03-17 15:12:09,652 - can.systec - WARNING - Cannot load SYSTEC ucan library: Could not find module 'usbcan64.dll' (or one of its dependencies). Try using the full path with constructor syntax..
2026-03-17 15:12:09,716 - can.interfaces.cantact - WARNING - The CANtact module is not installed. Install it using `pip install cantact`
2026-03-17 15:12:09,736 - can.interfaces.neousys.neousys - INFO - Cannot load Neousys CAN bus dll or shared object: Could not find module 'C:\Users\wangr\Desktop\AutotestPlatform\rohand\WDT_DIO.dll' (or one of its dependencies). Try using the full path with constructor syntax.
2026-03-17 15:12:09,741 - can.interfaces.vector.canlib - INFO - Found 0 channels
2026-03-17 15:12:09,742 - can.systec - WARNING - The SYSTEC ucan library has not been initialized.
2026-03-17 15:12:09,742 - can.interfaces.socketcand.socketcand - INFO - Listening on for socketcand UDP advertisement on :42000
2026-03-17 15:12:13,746 - rohand.rohand_manager - INFO - 检测到 1 个 PEAK CAN 端口：['PCAN_USBBUS1']
2026-03-17 15:12:13,747 - __main__ - INFO - 检测到端口：['PCAN_USBBUS1']
